
START - automation started - Sun Nov 27 2022 00:36:09 GMT-0600 (Central Standard Time (Mexico))

LIVE MODE - type done to quit
 [RPA][STARTED]
[RPA][0] - listening for inputs
[RPA][1] - https://lingojam.com/ZalgoText
[RPA][1] - listening for inputs
[RPA][2] - exist_result = exist('//*[@id="english-text"]').toString()
[RPA][2] - listening for inputs
[RPA][3] - dump exist_result to rpa_python.txt
[RPA][3] - listening for inputs
[RPA][4] - click //*[@id="english-text"]
[RPA][4] - listening for inputs
[RPA][5] - exist_result = exist('//*[@id="english-text"]').toString()
[RPA][5] - listening for inputs
[RPA][6] - dump exist_result to rpa_python.txt
[RPA][6] - listening for inputs
[RPA][7] - type //*[@id="english-text"] as Esto lo escribi sin manos
[RPA][7] - listening for inputs
[RPA][8] - dump mouse_x() to rpa_python.txt
[RPA][8] - listening for inputs
[RPA][9] - dump mouse_y() to rpa_python.txt
[RPA][9] - listening for inputs
[RPA][10] - exist_result = exist('//*[@id="voice_speed"]').toString()
[RPA][10] - listening for inputs
[RPA][11] - dump exist_result to rpa_python.txt
[RPA][11] - listening for inputs
[RPA][12] - click //*[@id="voice_speed"]
[RPA][12] - listening for inputs
[RPA][13] - exist_result = exist('//*[@id="voice_speed"]').toString()
[RPA][13] - listening for inputs
[RPA][14] - dump exist_result to rpa_python.txt
[RPA][14] - listening for inputs
[RPA][15] - hover //*[@id="voice_speed"]
[RPA][15] - listening for inputs
[RPA][16] - mouse down
[RPA][16] - listening for inputs
[RPA][17] - hover (1945,709)
[RPA][17] - listening for inputs
[RPA][18] - hover (1945,709)
[RPA][18] - listening for inputs
[RPA][19] - mouse up
[RPA][19] - listening for inputs
